# JRE version: OpenJDK Runtime Environment (8.0_152-b02) (build 1.8.0_152-release-1024-b02)
# Java VM: OpenJDK 64-Bit Server VM (25.152-b02 mixed mode windows-amd64 compressed oops)
Heap:
 PSYoungGen      total 464896K, used 90686K [0x00000000e0000000, 0x00000000ff880000, 0x0000000100000000)
  eden space 415232K, 16% used [0x00000000e0000000,0x00000000e44edac0,0x00000000f9580000)
  from space 49664K, 40% used [0x00000000fc800000,0x00000000fdba2078,0x00000000ff880000)
  to   space 50688K, 0% used [0x00000000f9580000,0x00000000f9580000,0x00000000fc700000)
 ParOldGen       total 258560K, used 106225K [0x00000000a0000000, 0x00000000afc80000, 0x00000000e0000000)
  object space 258560K, 41% used [0x00000000a0000000,0x00000000a67bc628,0x00000000afc80000)
 Metaspace       used 91637K, capacity 97518K, committed 97752K, reserved 1134592K
  class space    used 11302K, capacity 12465K, committed 12544K, reserved 1048576K
GC Heap History (10 events):
Event: 6115.183 GC heap before
{Heap before GC invocations=40 (full 4):
 PSYoungGen      total 455680K, used 400513K [0x00000000e0000000, 0x0000000100000000, 0x0000000100000000)
  eden space 396800K, 100% used [0x00000000e0000000,0x00000000f8380000,0x00000000f8380000)
  from space 58880K, 6% used [0x00000000f8380000,0x00000000f87206a0,0x00000000fbd00000)
  to   space 58368K, 0% used [0x00000000fc700000,0x00000000fc700000,0x0000000100000000)
 ParOldGen       total 258560K, used 106185K [0x00000000a0000000, 0x00000000afc80000, 0x00000000e0000000)
  object space 258560K, 41% used [0x00000000a0000000,0x00000000a67b2628,0x00000000afc80000)
 Metaspace       used 91421K, capacity 97264K, committed 97496K, reserved 1134592K
  class space    used 11294K, capacity 12455K, committed 12544K, reserved 1048576K
Event: 6115.227 GC heap after
Heap after GC invocations=40 (full 4):
 PSYoungGen      total 457728K, used 16765K [0x00000000e0000000, 0x00000000ff880000, 0x0000000100000000)
  eden space 407040K, 0% used [0x00000000e0000000,0x00000000e0000000,0x00000000f8d80000)
  from space 50688K, 33% used [0x00000000fc700000,0x00000000fd75f460,0x00000000ff880000)
  to   space 54784K, 0% used [0x00000000f8d80000,0x00000000f8d80000,0x00000000fc300000)
 ParOldGen       total 258560K, used 106193K [0x00000000a0000000, 0x00000000afc80000, 0x00000000e0000000)
  object space 258560K, 41% used [0x00000000a0000000,0x00000000a67b4628,0x00000000afc80000)
 Metaspace       used 91421K, capacity 97264K, committed 97496K, reserved 1134592K
  class space    used 11294K, capacity 12455K, committed 12544K, reserved 1048576K
}
Event: 6119.820 GC heap before
{Heap before GC invocations=41 (full 4):
 PSYoungGen      total 457728K, used 423805K [0x00000000e0000000, 0x00000000ff880000, 0x0000000100000000)
  eden space 407040K, 100% used [0x00000000e0000000,0x00000000f8d80000,0x00000000f8d80000)
  from space 50688K, 33% used [0x00000000fc700000,0x00000000fd75f460,0x00000000ff880000)
  to   space 54784K, 0% used [0x00000000f8d80000,0x00000000f8d80000,0x00000000fc300000)
 ParOldGen       total 258560K, used 106193K [0x00000000a0000000, 0x00000000afc80000, 0x00000000e0000000)
  object space 258560K, 41% used [0x00000000a0000000,0x00000000a67b4628,0x00000000afc80000)
 Metaspace       used 91458K, capacity 97272K, committed 97496K, reserved 1134592K
  class space    used 11295K, capacity 12457K, committed 12544K, reserved 1048576K
Event: 6119.888 GC heap after
Heap after GC invocations=41 (full 4):
 PSYoungGen      total 461824K, used 37340K [0x00000000e0000000, 0x0000000100000000, 0x0000000100000000)
  eden space 407040K, 0% used [0x00000000e0000000,0x00000000e0000000,0x00000000f8d80000)
  from space 54784K, 68% used [0x00000000f8d80000,0x00000000fb1f7090,0x00000000fc300000)
  to   space 57856K, 0% used [0x00000000fc780000,0x00000000fc780000,0x0000000100000000)
 ParOldGen       total 258560K, used 106201K [0x00000000a0000000, 0x00000000afc80000, 0x00000000e0000000)
  object space 258560K, 41% used [0x00000000a0000000,0x00000000a67b6628,0x00000000afc80000)
 Metaspace       used 91458K, capacity 97272K, committed 97496K, reserved 1134592K
  class space    used 11295K, capacity 12457K, committed 12544K, reserved 1048576K
}
Event: 6123.123 GC heap before
{Heap before GC invocations=42 (full 4):
 PSYoungGen      total 461824K, used 444361K [0x00000000e0000000, 0x0000000100000000, 0x0000000100000000)
  eden space 407040K, 99% used [0x00000000e0000000,0x00000000f8d7b398,0x00000000f8d80000)
  from space 54784K, 68% used [0x00000000f8d80000,0x00000000fb1f7090,0x00000000fc300000)
  to   space 57856K, 0% used [0x00000000fc780000,0x00000000fc780000,0x0000000100000000)
 ParOldGen       total 258560K, used 106201K [0x00000000a0000000, 0x00000000afc80000, 0x00000000e0000000)
  object space 258560K, 41% used [0x00000000a0000000,0x00000000a67b6628,0x00000000afc80000)
 Metaspace       used 91518K, capacity 97440K, committed 97752K, reserved 1134592K
  class space    used 11299K, capacity 12463K, committed 12544K, reserved 1048576K
Event: 6123.138 GC heap after
Heap after GC invocations=42 (full 4):
 PSYoungGen      total 466944K, used 15712K [0x00000000e0000000, 0x00000000ffe00000, 0x0000000100000000)
  eden space 411136K, 0% used [0x00000000e0000000,0x00000000e0000000,0x00000000f9180000)
  from space 55808K, 28% used [0x00000000fc780000,0x00000000fd6d83a8,0x00000000ffe00000)
  to   space 55296K, 0% used [0x00000000f9180000,0x00000000f9180000,0x00000000fc780000)
 ParOldGen       total 258560K, used 106209K [0x00000000a0000000, 0x00000000afc80000, 0x00000000e0000000)
  object space 258560K, 41% used [0x00000000a0000000,0x00000000a67b8628,0x00000000afc80000)
 Metaspace       used 91518K, capacity 97440K, committed 97752K, reserved 1134592K
  class space    used 11299K, capacity 12463K, committed 12544K, reserved 1048576K
}
Event: 6175.606 GC heap before
{Heap before GC invocations=43 (full 4):
 PSYoungGen      total 466944K, used 426481K [0x00000000e0000000, 0x00000000ffe00000, 0x0000000100000000)
  eden space 411136K, 99% used [0x00000000e0000000,0x00000000f91243b8,0x00000000f9180000)
  from space 55808K, 28% used [0x00000000fc780000,0x00000000fd6d83a8,0x00000000ffe00000)
  to   space 55296K, 0% used [0x00000000f9180000,0x00000000f9180000,0x00000000fc780000)
 ParOldGen       total 258560K, used 106209K [0x00000000a0000000, 0x00000000afc80000, 0x00000000e0000000)
  object space 258560K, 41% used [0x00000000a0000000,0x00000000a67b8628,0x00000000afc80000)
 Metaspace       used 91599K, capacity 97448K, committed 97752K, reserved 1134592K
  class space    used 11299K, capacity 12463K, committed 12544K, reserved 1048576K
Event: 6175.622 GC heap after
Heap after GC invocations=43 (full 4):
 PSYoungGen      total 466432K, used 9255K [0x00000000e0000000, 0x00000000ffc80000, 0x0000000100000000)
  eden space 411136K, 0% used [0x00000000e0000000,0x00000000e0000000,0x00000000f9180000)
  from space 55296K, 16% used [0x00000000f9180000,0x00000000f9a89e18,0x00000000fc780000)
  to   space 53760K, 0% used [0x00000000fc800000,0x00000000fc800000,0x00000000ffc80000)
 ParOldGen       total 258560K, used 106217K [0x00000000a0000000, 0x00000000afc80000, 0x00000000e0000000)
  object space 258560K, 41% used [0x00000000a0000000,0x00000000a67ba628,0x00000000afc80000)
 Metaspace       used 91599K, capacity 97448K, committed 97752K, reserved 1134592K
  class space    used 11299K, capacity 12463K, committed 12544K, reserved 1048576K
}
Event: 6180.047 GC heap before
{Heap before GC invocations=44 (full 4):
 PSYoungGen      total 466432K, used 420391K [0x00000000e0000000, 0x00000000ffc80000, 0x0000000100000000)
  eden space 411136K, 100% used [0x00000000e0000000,0x00000000f9180000,0x00000000f9180000)
  from space 55296K, 16% used [0x00000000f9180000,0x00000000f9a89e18,0x00000000fc780000)
  to   space 53760K, 0% used [0x00000000fc800000,0x00000000fc800000,0x00000000ffc80000)
 ParOldGen       total 258560K, used 106217K [0x00000000a0000000, 0x00000000afc80000, 0x00000000e0000000)
  object space 258560K, 41% used [0x00000000a0000000,0x00000000a67ba628,0x00000000afc80000)
 Metaspace       used 91634K, capacity 97518K, committed 97752K, reserved 1134592K
  class space    used 11302K, capacity 12465K, committed 12544K, reserved 1048576K
Event: 6180.102 GC heap after
Heap after GC invocations=44 (full 4):
 PSYoungGen      total 464896K, used 20104K [0x00000000e0000000, 0x00000000ff880000, 0x0000000100000000)
  eden space 415232K, 0% used [0x00000000e0000000,0x00000000e0000000,0x00000000f9580000)
  from space 49664K, 40% used [0x00000000fc800000,0x00000000fdba2078,0x00000000ff880000)
  to   space 50688K, 0% used [0x00000000f9580000,0x00000000f9580000,0x00000000fc700000)
 ParOldGen       total 258560K, used 106225K [0x00000000a0000000, 0x00000000afc80000, 0x00000000e0000000)
  object space 258560K, 41% used [0x00000000a0000000,0x00000000a67bc628,0x00000000afc80000)
 Metaspace       used 91634K, capacity 97518K, committed 97752K, reserved 1134592K
  class space    used 11302K, capacity 12465K, committed 12544K, reserved 1048576K
}

